2025-01-13T00:01:19.969+04:00  INFO 23952 --- [project-resources] [main] c.t.p.ProjectResourcesApplication        : Starting ProjectResourcesApplication using Java 21.0.5 with PID 23952 (C:\Users\tessone\Desktop\games-assets\project-resources\target\classes started by tessone in C:\Users\tessone\Desktop\games-assets\project-resources)
2025-01-13T00:01:20.027+04:00 DEBUG 23952 --- [project-resources] [main] c.t.p.ProjectResourcesApplication        : Running with Spring Boot v3.4.1, Spring v6.2.1
2025-01-13T00:01:20.040+04:00  INFO 23952 --- [project-resources] [main] c.t.p.ProjectResourcesApplication        : No active profile set, falling back to 1 default profile: "default"
2025-01-13T00:01:23.554+04:00  INFO 23952 --- [project-resources] [main] .s.d.r.c.RepositoryConfigurationDelegate : Bootstrapping Spring Data JPA repositories in DEFAULT mode.
2025-01-13T00:01:23.752+04:00  INFO 23952 --- [project-resources] [main] .s.d.r.c.RepositoryConfigurationDelegate : Finished Spring Data repository scanning in 177 ms. Found 7 JPA repository interfaces.
2025-01-13T00:01:25.643+04:00  INFO 23952 --- [project-resources] [main] o.s.b.w.embedded.tomcat.TomcatWebServer  : Tomcat initialized with port 8080 (http)
2025-01-13T00:01:25.674+04:00  INFO 23952 --- [project-resources] [main] o.apache.catalina.core.StandardService   : Starting service [Tomcat]
2025-01-13T00:01:25.674+04:00  INFO 23952 --- [project-resources] [main] o.apache.catalina.core.StandardEngine    : Starting Servlet engine: [Apache Tomcat/10.1.34]
2025-01-13T00:01:25.827+04:00  INFO 23952 --- [project-resources] [main] o.a.c.c.C.[Tomcat].[localhost].[/]       : Initializing Spring embedded WebApplicationContext
2025-01-13T00:01:25.831+04:00  INFO 23952 --- [project-resources] [main] w.s.c.ServletWebServerApplicationContext : Root WebApplicationContext: initialization completed in 5589 ms
2025-01-13T00:01:26.347+04:00  INFO 23952 --- [project-resources] [main] o.hibernate.jpa.internal.util.LogHelper  : HHH000204: Processing PersistenceUnitInfo [name: default]
2025-01-13T00:01:26.558+04:00  INFO 23952 --- [project-resources] [main] org.hibernate.Version                    : HHH000412: Hibernate ORM core version 6.6.4.Final
2025-01-13T00:01:26.668+04:00  INFO 23952 --- [project-resources] [main] o.h.c.internal.RegionFactoryInitiator    : HHH000026: Second-level cache disabled
2025-01-13T00:01:27.440+04:00  INFO 23952 --- [project-resources] [main] o.s.o.j.p.SpringPersistenceUnitInfo      : No LoadTimeWeaver setup: ignoring JPA class transformer
2025-01-13T00:01:27.578+04:00  INFO 23952 --- [project-resources] [main] com.zaxxer.hikari.HikariDataSource       : HikariPool-1 - Starting...
2025-01-13T00:01:28.078+04:00  INFO 23952 --- [project-resources] [main] com.zaxxer.hikari.pool.HikariPool        : HikariPool-1 - Added connection org.postgresql.jdbc.PgConnection@63e70bf9
2025-01-13T00:01:28.081+04:00  INFO 23952 --- [project-resources] [main] com.zaxxer.hikari.HikariDataSource       : HikariPool-1 - Start completed.
2025-01-13T00:01:28.179+04:00  WARN 23952 --- [project-resources] [main] org.hibernate.orm.deprecation            : HHH90000025: PostgreSQLDialect does not need to be specified explicitly using 'hibernate.dialect' (remove the property setting and it will be selected by default)
2025-01-13T00:01:28.242+04:00  INFO 23952 --- [project-resources] [main] org.hibernate.orm.connections.pooling    : HHH10001005: Database info:
	Database JDBC URL [Connecting through datasource 'HikariDataSource (HikariPool-1)']
	Database driver: undefined/unknown
	Database version: 16.2
	Autocommit mode: undefined/unknown
	Isolation level: undefined/unknown
	Minimum pool size: undefined/unknown
	Maximum pool size: undefined/unknown
2025-01-13T00:01:30.857+04:00  INFO 23952 --- [project-resources] [main] o.h.e.t.j.p.i.JtaPlatformInitiator       : HHH000489: No JTA platform available (set 'hibernate.transaction.jta.platform' to enable JTA platform integration)
2025-01-13T00:01:32.124+04:00  INFO 23952 --- [project-resources] [main] j.LocalContainerEntityManagerFactoryBean : Initialized JPA EntityManagerFactory for persistence unit 'default'
2025-01-13T00:01:33.882+04:00  INFO 23952 --- [project-resources] [main] c.t.project_resources.file.FileService   : Директория для хранения файлов создана: C:\Users\tessone\Desktop\games-assets\project-resources\src\main\resources\static\uploads
2025-01-13T00:01:34.282+04:00  WARN 23952 --- [project-resources] [main] JpaBaseConfiguration$JpaWebConfiguration : spring.jpa.open-in-view is enabled by default. Therefore, database queries may be performed during view rendering. Explicitly configure spring.jpa.open-in-view to disable this warning
2025-01-13T00:01:34.354+04:00  INFO 23952 --- [project-resources] [main] r$InitializeUserDetailsManagerConfigurer : Global AuthenticationManager configured with UserDetailsService bean with name userService
2025-01-13T00:01:35.903+04:00  WARN 23952 --- [project-resources] [main] o.thymeleaf.templatemode.TemplateMode    : [THYMELEAF][main] Unknown Template Mode 'HTML5'. Must be one of: 'HTML', 'XML', 'TEXT', 'JAVASCRIPT', 'CSS', 'RAW'. Using default Template Mode 'HTML'.
2025-01-13T00:01:36.566+04:00  INFO 23952 --- [project-resources] [main] o.s.b.w.embedded.tomcat.TomcatWebServer  : Tomcat started on port 8080 (http) with context path '/'
2025-01-13T00:01:36.608+04:00  INFO 23952 --- [project-resources] [main] c.t.p.ProjectResourcesApplication        : Started ProjectResourcesApplication in 17.619 seconds (process running for 19.016)
2025-01-13T00:01:45.443+04:00  INFO 23952 --- [project-resources] [http-nio-8080-exec-1] o.a.c.c.C.[Tomcat].[localhost].[/]       : Initializing Spring DispatcherServlet 'dispatcherServlet'
2025-01-13T00:01:45.444+04:00  INFO 23952 --- [project-resources] [http-nio-8080-exec-1] o.s.web.servlet.DispatcherServlet        : Initializing Servlet 'dispatcherServlet'
2025-01-13T00:01:45.447+04:00  INFO 23952 --- [project-resources] [http-nio-8080-exec-1] o.s.web.servlet.DispatcherServlet        : Completed initialization in 2 ms
2025-01-13T00:01:49.785+04:00  WARN 23952 --- [project-resources] [http-nio-8080-exec-4] actStandardFragmentInsertionTagProcessor : [THYMELEAF][http-nio-8080-exec-4][project-list] Deprecated unwrapped fragment expression "fragments/header :: header" found in template project-list, line 29, col 13. Please use the complete syntax of fragment expressions instead ("~{fragments/header :: header}"). The old, unwrapped syntax for fragment expressions will be removed in future versions of Thymeleaf.
2025-01-13T00:01:53.812+04:00  WARN 23952 --- [project-resources] [http-nio-8080-exec-7] actStandardFragmentInsertionTagProcessor : [THYMELEAF][http-nio-8080-exec-7][project-list] Deprecated unwrapped fragment expression "fragments/header :: header" found in template project-list, line 29, col 13. Please use the complete syntax of fragment expressions instead ("~{fragments/header :: header}"). The old, unwrapped syntax for fragment expressions will be removed in future versions of Thymeleaf.
2025-01-13T00:02:23.542+04:00  WARN 23952 --- [project-resources] [http-nio-8080-exec-10] actStandardFragmentInsertionTagProcessor : [THYMELEAF][http-nio-8080-exec-10][project-list] Deprecated unwrapped fragment expression "fragments/header :: header" found in template project-list, line 29, col 13. Please use the complete syntax of fragment expressions instead ("~{fragments/header :: header}"). The old, unwrapped syntax for fragment expressions will be removed in future versions of Thymeleaf.
2025-01-13T00:02:41.503+04:00  WARN 23952 --- [project-resources] [http-nio-8080-exec-5] actStandardFragmentInsertionTagProcessor : [THYMELEAF][http-nio-8080-exec-5][project-list] Deprecated unwrapped fragment expression "fragments/header :: header" found in template project-list, line 29, col 13. Please use the complete syntax of fragment expressions instead ("~{fragments/header :: header}"). The old, unwrapped syntax for fragment expressions will be removed in future versions of Thymeleaf.
2025-01-13T00:03:57.756+04:00  WARN 23952 --- [project-resources] [http-nio-8080-exec-10] actStandardFragmentInsertionTagProcessor : [THYMELEAF][http-nio-8080-exec-10][project-list] Deprecated unwrapped fragment expression "fragments/header :: header" found in template project-list, line 29, col 13. Please use the complete syntax of fragment expressions instead ("~{fragments/header :: header}"). The old, unwrapped syntax for fragment expressions will be removed in future versions of Thymeleaf.
